<?xml version="1.0" encoding="utf-8"?>
<TestRun id="4f475161-ecff-412d-b907-5e5c4b022e09" name="ndkhuynh@NDKHUYNH 2024-12-01 22:37:35" runUser="NDKHUYNH\ndkhuynh" xmlns="http://microsoft.com/schemas/VisualStudio/TeamTest/2010">
  <Times creation="2024-12-01T22:37:35.5941952-05:00" queuing="2024-12-01T22:37:35.5941952-05:00" start="2024-12-01T22:37:35.3410374-05:00" finish="2024-12-01T22:37:35.6157278-05:00" />
  <TestSettings name="default" id="7c92b817-5fd7-4727-b817-cae6e0d71534">
    <Deployment runDeploymentRoot="ndkhuynh_NDKHUYNH_2024-12-01_22_37_35" />
  </TestSettings>
  <Results>
    <UnitTestResult executionId="1bc6556f-e4e7-4ef2-974b-0ed65931ff0c" testId="ed03db56-7301-2687-5da5-938226eecfef" testName="TestFindTruckForShipment_ValidCase" computerName="NDKHUYNH" duration="00:00:00.0000186" startTime="2024-12-01T22:37:35.5809524-05:00" endTime="2024-12-01T22:37:35.5809710-05:00" testType="13cdc9d9-ddb5-4fa4-a97d-d965ccfc6d4b" outcome="Passed" testListId="8c84fa94-04c1-424b-9868-57a2d4851a1d" relativeResultsDirectory="1bc6556f-e4e7-4ef2-974b-0ed65931ff0c" />
    <UnitTestResult executionId="7c22a477-269f-466a-8a8e-e58a22e59ce2" testId="63b8d880-1563-9871-4567-1892afacaef2" testName="TestCountPackages" computerName="NDKHUYNH" duration="00:00:00.0000391" startTime="2024-12-01T22:37:35.5799531-05:00" endTime="2024-12-01T22:37:35.5799922-05:00" testType="13cdc9d9-ddb5-4fa4-a97d-d965ccfc6d4b" outcome="Passed" testListId="8c84fa94-04c1-424b-9868-57a2d4851a1d" relativeResultsDirectory="7c22a477-269f-466a-8a8e-e58a22e59ce2" />
    <UnitTestResult executionId="37f61f83-05b2-412d-a55d-d5e77c482f02" testId="fda82917-533b-7412-596d-24b60d438f01" testName="TestFindTruckForShipment_ExactFit" computerName="NDKHUYNH" duration="00:00:00.0000150" startTime="2024-12-01T22:37:35.5809524-05:00" endTime="2024-12-01T22:37:35.5809674-05:00" testType="13cdc9d9-ddb5-4fa4-a97d-d965ccfc6d4b" outcome="Passed" testListId="8c84fa94-04c1-424b-9868-57a2d4851a1d" relativeResultsDirectory="37f61f83-05b2-412d-a55d-d5e77c482f02" />
    <UnitTestResult executionId="3e39e1a1-93d8-424b-ba4c-8f8c10e6806e" testId="8e2fc6db-2565-b859-b768-f055099e6cfc" testName="ValidateDestinationWrapper_BlackBoxTest" computerName="NDKHUYNH" duration="00:00:00.0000086" startTime="2024-12-01T22:37:35.5739537-05:00" endTime="2024-12-01T22:37:35.5739623-05:00" testType="13cdc9d9-ddb5-4fa4-a97d-d965ccfc6d4b" outcome="Passed" testListId="8c84fa94-04c1-424b-9868-57a2d4851a1d" relativeResultsDirectory="3e39e1a1-93d8-424b-ba4c-8f8c10e6806e" />
    <UnitTestResult executionId="75c59b9c-cb2a-4138-a261-812aae2e4d0d" testId="34907d99-67b6-8692-5a65-63da8e94c6c4" testName="TestFindTruckForShipment_NoFit" computerName="NDKHUYNH" duration="00:00:00.0000229" startTime="2024-12-01T22:37:35.5809524-05:00" endTime="2024-12-01T22:37:35.5809753-05:00" testType="13cdc9d9-ddb5-4fa4-a97d-d965ccfc6d4b" outcome="Passed" testListId="8c84fa94-04c1-424b-9868-57a2d4851a1d" relativeResultsDirectory="75c59b9c-cb2a-4138-a261-812aae2e4d0d" />
    <UnitTestResult executionId="31cf6c65-767b-42da-a5d5-81882416fe20" testId="b77f8553-db44-a487-3ccb-5c1ba6a69a7b" testName="TestCapacityLeft" computerName="NDKHUYNH" duration="00:00:00.0001034" startTime="2024-12-01T22:37:35.5799531-05:00" endTime="2024-12-01T22:37:35.5800565-05:00" testType="13cdc9d9-ddb5-4fa4-a97d-d965ccfc6d4b" outcome="Passed" testListId="8c84fa94-04c1-424b-9868-57a2d4851a1d" relativeResultsDirectory="31cf6c65-767b-42da-a5d5-81882416fe20" />
    <UnitTestResult executionId="4d7013b9-6f90-4295-902f-2c41d0e8de20" testId="eed2e5ac-fe7c-38f6-051c-d379d47c9296" testName="TestAddRoute_ValidRoute" computerName="NDKHUYNH" duration="00:00:00.0005019" startTime="2024-12-01T22:37:35.5799531-05:00" endTime="2024-12-01T22:37:35.5804550-05:00" testType="13cdc9d9-ddb5-4fa4-a97d-d965ccfc6d4b" outcome="Passed" testListId="8c84fa94-04c1-424b-9868-57a2d4851a1d" relativeResultsDirectory="4d7013b9-6f90-4295-902f-2c41d0e8de20" />
  </Results>
  <TestDefinitions>
    <UnitTest name="TestFindTruckForShipment_ValidCase" storage="e:\seneca\sft221\root\fall2024---sft---nhh---1\source code\ms4\informationtesting1\information\x64\debug\blackboxtesting.dll" id="ed03db56-7301-2687-5da5-938226eecfef">
      <Execution id="1bc6556f-e4e7-4ef2-974b-0ed65931ff0c" />
      <TestMethod codeBase="E:\Seneca\SFT221\Root\Fall2024---SFT---NHH---1\Source Code\MS4\InformationTesting1\information\x64\Debug\BlackBoxTesting.dll" adapterTypeName="executor://cppunittestexecutor/v1" className="BlackBoxTesting.BlackBoxTesting" name="BlackBoxTesting::BlackBoxTesting::TestFindTruckForShipment_ValidCase" />
    </UnitTest>
    <UnitTest name="ValidateDestinationWrapper_BlackBoxTest" storage="e:\seneca\sft221\root\fall2024---sft---nhh---1\source code\ms4\informationtesting1\information\x64\debug\blackboxtesting.dll" id="8e2fc6db-2565-b859-b768-f055099e6cfc">
      <Execution id="3e39e1a1-93d8-424b-ba4c-8f8c10e6806e" />
      <TestMethod codeBase="E:\Seneca\SFT221\Root\Fall2024---SFT---NHH---1\Source Code\MS4\InformationTesting1\information\x64\Debug\BlackBoxTesting.dll" adapterTypeName="executor://cppunittestexecutor/v1" className="BlackBoxTesting.BlackBoxTesting" name="BlackBoxTesting::BlackBoxTesting::ValidateDestinationWrapper_BlackBoxTest" />
    </UnitTest>
    <UnitTest name="TestAddRoute_ValidRoute" storage="e:\seneca\sft221\root\fall2024---sft---nhh---1\source code\ms4\informationtesting1\information\x64\debug\blackboxtesting.dll" id="eed2e5ac-fe7c-38f6-051c-d379d47c9296">
      <Execution id="4d7013b9-6f90-4295-902f-2c41d0e8de20" />
      <TestMethod codeBase="E:\Seneca\SFT221\Root\Fall2024---SFT---NHH---1\Source Code\MS4\InformationTesting1\information\x64\Debug\BlackBoxTesting.dll" adapterTypeName="executor://cppunittestexecutor/v1" className="BlackBoxTesting.BlackBoxTesting" name="BlackBoxTesting::BlackBoxTesting::TestAddRoute_ValidRoute" />
    </UnitTest>
    <UnitTest name="TestCountPackages" storage="e:\seneca\sft221\root\fall2024---sft---nhh---1\source code\ms4\informationtesting1\information\x64\debug\blackboxtesting.dll" id="63b8d880-1563-9871-4567-1892afacaef2">
      <Execution id="7c22a477-269f-466a-8a8e-e58a22e59ce2" />
      <TestMethod codeBase="E:\Seneca\SFT221\Root\Fall2024---SFT---NHH---1\Source Code\MS4\InformationTesting1\information\x64\Debug\BlackBoxTesting.dll" adapterTypeName="executor://cppunittestexecutor/v1" className="BlackBoxTesting.BlackBoxTesting" name="BlackBoxTesting::BlackBoxTesting::TestCountPackages" />
    </UnitTest>
    <UnitTest name="TestFindTruckForShipment_NoFit" storage="e:\seneca\sft221\root\fall2024---sft---nhh---1\source code\ms4\informationtesting1\information\x64\debug\blackboxtesting.dll" id="34907d99-67b6-8692-5a65-63da8e94c6c4">
      <Execution id="75c59b9c-cb2a-4138-a261-812aae2e4d0d" />
      <TestMethod codeBase="E:\Seneca\SFT221\Root\Fall2024---SFT---NHH---1\Source Code\MS4\InformationTesting1\information\x64\Debug\BlackBoxTesting.dll" adapterTypeName="executor://cppunittestexecutor/v1" className="BlackBoxTesting.BlackBoxTesting" name="BlackBoxTesting::BlackBoxTesting::TestFindTruckForShipment_NoFit" />
    </UnitTest>
    <UnitTest name="TestCapacityLeft" storage="e:\seneca\sft221\root\fall2024---sft---nhh---1\source code\ms4\informationtesting1\information\x64\debug\blackboxtesting.dll" id="b77f8553-db44-a487-3ccb-5c1ba6a69a7b">
      <Execution id="31cf6c65-767b-42da-a5d5-81882416fe20" />
      <TestMethod codeBase="E:\Seneca\SFT221\Root\Fall2024---SFT---NHH---1\Source Code\MS4\InformationTesting1\information\x64\Debug\BlackBoxTesting.dll" adapterTypeName="executor://cppunittestexecutor/v1" className="BlackBoxTesting.BlackBoxTesting" name="BlackBoxTesting::BlackBoxTesting::TestCapacityLeft" />
    </UnitTest>
    <UnitTest name="TestFindTruckForShipment_ExactFit" storage="e:\seneca\sft221\root\fall2024---sft---nhh---1\source code\ms4\informationtesting1\information\x64\debug\blackboxtesting.dll" id="fda82917-533b-7412-596d-24b60d438f01">
      <Execution id="37f61f83-05b2-412d-a55d-d5e77c482f02" />
      <TestMethod codeBase="E:\Seneca\SFT221\Root\Fall2024---SFT---NHH---1\Source Code\MS4\InformationTesting1\information\x64\Debug\BlackBoxTesting.dll" adapterTypeName="executor://cppunittestexecutor/v1" className="BlackBoxTesting.BlackBoxTesting" name="BlackBoxTesting::BlackBoxTesting::TestFindTruckForShipment_ExactFit" />
    </UnitTest>
  </TestDefinitions>
  <TestEntries>
    <TestEntry testId="ed03db56-7301-2687-5da5-938226eecfef" executionId="1bc6556f-e4e7-4ef2-974b-0ed65931ff0c" testListId="8c84fa94-04c1-424b-9868-57a2d4851a1d" />
    <TestEntry testId="63b8d880-1563-9871-4567-1892afacaef2" executionId="7c22a477-269f-466a-8a8e-e58a22e59ce2" testListId="8c84fa94-04c1-424b-9868-57a2d4851a1d" />
    <TestEntry testId="fda82917-533b-7412-596d-24b60d438f01" executionId="37f61f83-05b2-412d-a55d-d5e77c482f02" testListId="8c84fa94-04c1-424b-9868-57a2d4851a1d" />
    <TestEntry testId="8e2fc6db-2565-b859-b768-f055099e6cfc" executionId="3e39e1a1-93d8-424b-ba4c-8f8c10e6806e" testListId="8c84fa94-04c1-424b-9868-57a2d4851a1d" />
    <TestEntry testId="34907d99-67b6-8692-5a65-63da8e94c6c4" executionId="75c59b9c-cb2a-4138-a261-812aae2e4d0d" testListId="8c84fa94-04c1-424b-9868-57a2d4851a1d" />
    <TestEntry testId="b77f8553-db44-a487-3ccb-5c1ba6a69a7b" executionId="31cf6c65-767b-42da-a5d5-81882416fe20" testListId="8c84fa94-04c1-424b-9868-57a2d4851a1d" />
    <TestEntry testId="eed2e5ac-fe7c-38f6-051c-d379d47c9296" executionId="4d7013b9-6f90-4295-902f-2c41d0e8de20" testListId="8c84fa94-04c1-424b-9868-57a2d4851a1d" />
  </TestEntries>
  <TestLists>
    <TestList name="Results Not in a List" id="8c84fa94-04c1-424b-9868-57a2d4851a1d" />
    <TestList name="All Loaded Results" id="19431567-8539-422a-85d7-44ee4e166bda" />
  </TestLists>
  <ResultSummary outcome="Completed">
    <Counters total="7" executed="7" passed="7" failed="0" error="0" timeout="0" aborted="0" inconclusive="0" passedButRunAborted="0" notRunnable="0" notExecuted="0" disconnected="0" warning="0" completed="0" inProgress="0" pending="0" />
  </ResultSummary>
</TestRun>