<?xml version="1.0" encoding="utf-8"?>
<TestRun id="7542ec88-3d01-40e3-9949-de2fba9d9c69" name="snnguyen5@NHCCG-08-8C6E 2024-09-26 22:57:48" runUser="SENEDS\snnguyen5" xmlns="http://microsoft.com/schemas/VisualStudio/TeamTest/2010">
  <Times creation="2024-09-26T22:57:48.0312355-04:00" queuing="2024-09-26T22:57:48.0312355-04:00" start="2024-09-26T22:57:47.7051693-04:00" finish="2024-09-26T22:57:48.0489104-04:00" />
  <TestSettings name="default" id="e1d77b65-41f8-47eb-8b83-92d611795181">
    <Deployment runDeploymentRoot="snnguyen5_NHCCG-08-8C6E_2024-09-26_22_57_48" />
  </TestSettings>
  <Results>
    <UnitTestResult executionId="f727b1e9-ddc4-429e-a7dd-6a3ede0dfc05" testId="316d2ce3-abc7-91ac-5033-e9018ad72603" testName="ValidCase" computerName="NHCCG-08-8C6E" duration="00:00:00.0001070" startTime="2024-09-26T22:57:48.0163445-04:00" endTime="2024-09-26T22:57:48.0164515-04:00" testType="13cdc9d9-ddb5-4fa4-a97d-d965ccfc6d4b" outcome="Passed" testListId="8c84fa94-04c1-424b-9868-57a2d4851a1d" relativeResultsDirectory="f727b1e9-ddc4-429e-a7dd-6a3ede0dfc05" />
    <UnitTestResult executionId="4806a2d3-c2ed-4d4d-992c-fdf6cb9c601d" testId="f9d3822e-6bed-af57-9345-d7fd42c149b0" testName="NumberCase" computerName="NHCCG-08-8C6E" duration="00:00:00.0000212" startTime="2024-09-26T22:57:48.0212723-04:00" endTime="2024-09-26T22:57:48.0212935-04:00" testType="13cdc9d9-ddb5-4fa4-a97d-d965ccfc6d4b" outcome="Passed" testListId="8c84fa94-04c1-424b-9868-57a2d4851a1d" relativeResultsDirectory="4806a2d3-c2ed-4d4d-992c-fdf6cb9c601d" />
    <UnitTestResult executionId="012e44cd-efc4-412f-968b-6debd60d00d3" testId="76ce6181-25c6-27a1-c7e9-136ce32ae24f" testName="InvalidCase" computerName="NHCCG-08-8C6E" duration="00:00:00.0000077" startTime="2024-09-26T22:57:48.0212723-04:00" endTime="2024-09-26T22:57:48.0212800-04:00" testType="13cdc9d9-ddb5-4fa4-a97d-d965ccfc6d4b" outcome="Passed" testListId="8c84fa94-04c1-424b-9868-57a2d4851a1d" relativeResultsDirectory="012e44cd-efc4-412f-968b-6debd60d00d3" />
    <UnitTestResult executionId="a0eeed32-999c-4761-a186-325ce5a69d45" testId="65afc429-638f-b2e5-360e-e1408a9378cc" testName="inValidPostalCode" computerName="NHCCG-08-8C6E" duration="00:00:00.0000081" startTime="2024-09-26T22:57:48.0212723-04:00" endTime="2024-09-26T22:57:48.0212804-04:00" testType="13cdc9d9-ddb5-4fa4-a97d-d965ccfc6d4b" outcome="Passed" testListId="8c84fa94-04c1-424b-9868-57a2d4851a1d" relativeResultsDirectory="a0eeed32-999c-4761-a186-325ce5a69d45" />
    <UnitTestResult executionId="1c925321-7eb6-49fb-b363-27354e38fed8" testId="4ff679fd-de83-6cd2-071d-2d414021919d" testName="LowercaseValidCase" computerName="NHCCG-08-8C6E" duration="00:00:00.0000078" startTime="2024-09-26T22:57:48.0212723-04:00" endTime="2024-09-26T22:57:48.0212801-04:00" testType="13cdc9d9-ddb5-4fa4-a97d-d965ccfc6d4b" outcome="Passed" testListId="8c84fa94-04c1-424b-9868-57a2d4851a1d" relativeResultsDirectory="1c925321-7eb6-49fb-b363-27354e38fed8" />
    <UnitTestResult executionId="4666aa8e-c10c-4a5e-8602-8848abc8bcb9" testId="558e26a1-ac85-16b9-c7c3-7f4343ed0123" testName="InputSpace" computerName="NHCCG-08-8C6E" duration="00:00:00.0000086" startTime="2024-09-26T22:57:48.0212723-04:00" endTime="2024-09-26T22:57:48.0212809-04:00" testType="13cdc9d9-ddb5-4fa4-a97d-d965ccfc6d4b" outcome="Passed" testListId="8c84fa94-04c1-424b-9868-57a2d4851a1d" relativeResultsDirectory="4666aa8e-c10c-4a5e-8602-8848abc8bcb9" />
    <UnitTestResult executionId="25879a50-b073-4e43-a521-d68e0aa5d324" testId="c1cb6564-ef03-3fbe-dfe4-31fb8d9ca256" testName="RandomLowerCase" computerName="NHCCG-08-8C6E" duration="00:00:00.0000120" startTime="2024-09-26T22:57:48.0212723-04:00" endTime="2024-09-26T22:57:48.0212843-04:00" testType="13cdc9d9-ddb5-4fa4-a97d-d965ccfc6d4b" outcome="Passed" testListId="8c84fa94-04c1-424b-9868-57a2d4851a1d" relativeResultsDirectory="25879a50-b073-4e43-a521-d68e0aa5d324" />
  </Results>
  <TestDefinitions>
    <UnitTest name="InputSpace" storage="c:\users\snnguyen5\downloads\informationtesting1\information\x64\debug\unittestcppframework.dll" id="558e26a1-ac85-16b9-c7c3-7f4343ed0123">
      <Execution id="4666aa8e-c10c-4a5e-8602-8848abc8bcb9" />
      <TestMethod codeBase="C:\Users\snnguyen5\Downloads\InformationTesting1\information\x64\Debug\UnitTestCPPFrameWork.dll" adapterTypeName="executor://cppunittestexecutor/v1" className="PostalCodeTests.WhiteBoxPostalTests" name="PostalCodeTests::WhiteBoxPostalTests::InputSpace" />
    </UnitTest>
    <UnitTest name="InvalidCase" storage="c:\users\snnguyen5\downloads\informationtesting1\information\x64\debug\unittestcppframework.dll" id="76ce6181-25c6-27a1-c7e9-136ce32ae24f">
      <Execution id="012e44cd-efc4-412f-968b-6debd60d00d3" />
      <TestMethod codeBase="C:\Users\snnguyen5\Downloads\InformationTesting1\information\x64\Debug\UnitTestCPPFrameWork.dll" adapterTypeName="executor://cppunittestexecutor/v1" className="PostalCodeTests.BlackBoxPostalTests" name="PostalCodeTests::BlackBoxPostalTests::InvalidCase" />
    </UnitTest>
    <UnitTest name="ValidCase" storage="c:\users\snnguyen5\downloads\informationtesting1\information\x64\debug\unittestcppframework.dll" id="316d2ce3-abc7-91ac-5033-e9018ad72603">
      <Execution id="f727b1e9-ddc4-429e-a7dd-6a3ede0dfc05" />
      <TestMethod codeBase="C:\Users\snnguyen5\Downloads\InformationTesting1\information\x64\Debug\UnitTestCPPFrameWork.dll" adapterTypeName="executor://cppunittestexecutor/v1" className="PostalCodeTests.WhiteBoxPostalTests" name="PostalCodeTests::WhiteBoxPostalTests::ValidCase" />
    </UnitTest>
    <UnitTest name="RandomLowerCase" storage="c:\users\snnguyen5\downloads\informationtesting1\information\x64\debug\unittestcppframework.dll" id="c1cb6564-ef03-3fbe-dfe4-31fb8d9ca256">
      <Execution id="25879a50-b073-4e43-a521-d68e0aa5d324" />
      <TestMethod codeBase="C:\Users\snnguyen5\Downloads\InformationTesting1\information\x64\Debug\UnitTestCPPFrameWork.dll" adapterTypeName="executor://cppunittestexecutor/v1" className="PostalCodeTests.WhiteBoxPostalTests" name="PostalCodeTests::WhiteBoxPostalTests::RandomLowerCase" />
    </UnitTest>
    <UnitTest name="LowercaseValidCase" storage="c:\users\snnguyen5\downloads\informationtesting1\information\x64\debug\unittestcppframework.dll" id="4ff679fd-de83-6cd2-071d-2d414021919d">
      <Execution id="1c925321-7eb6-49fb-b363-27354e38fed8" />
      <TestMethod codeBase="C:\Users\snnguyen5\Downloads\InformationTesting1\information\x64\Debug\UnitTestCPPFrameWork.dll" adapterTypeName="executor://cppunittestexecutor/v1" className="PostalCodeTests.BlackBoxPostalTests" name="PostalCodeTests::BlackBoxPostalTests::LowercaseValidCase" />
    </UnitTest>
    <UnitTest name="inValidPostalCode" storage="c:\users\snnguyen5\downloads\informationtesting1\information\x64\debug\unittestcppframework.dll" id="65afc429-638f-b2e5-360e-e1408a9378cc">
      <Execution id="a0eeed32-999c-4761-a186-325ce5a69d45" />
      <TestMethod codeBase="C:\Users\snnguyen5\Downloads\InformationTesting1\information\x64\Debug\UnitTestCPPFrameWork.dll" adapterTypeName="executor://cppunittestexecutor/v1" className="PostalCodeTests.BlackBoxPostalTests" name="PostalCodeTests::BlackBoxPostalTests::inValidPostalCode" />
    </UnitTest>
    <UnitTest name="NumberCase" storage="c:\users\snnguyen5\downloads\informationtesting1\information\x64\debug\unittestcppframework.dll" id="f9d3822e-6bed-af57-9345-d7fd42c149b0">
      <Execution id="4806a2d3-c2ed-4d4d-992c-fdf6cb9c601d" />
      <TestMethod codeBase="C:\Users\snnguyen5\Downloads\InformationTesting1\information\x64\Debug\UnitTestCPPFrameWork.dll" adapterTypeName="executor://cppunittestexecutor/v1" className="PostalCodeTests.WhiteBoxPostalTests" name="PostalCodeTests::WhiteBoxPostalTests::NumberCase" />
    </UnitTest>
  </TestDefinitions>
  <TestEntries>
    <TestEntry testId="316d2ce3-abc7-91ac-5033-e9018ad72603" executionId="f727b1e9-ddc4-429e-a7dd-6a3ede0dfc05" testListId="8c84fa94-04c1-424b-9868-57a2d4851a1d" />
    <TestEntry testId="f9d3822e-6bed-af57-9345-d7fd42c149b0" executionId="4806a2d3-c2ed-4d4d-992c-fdf6cb9c601d" testListId="8c84fa94-04c1-424b-9868-57a2d4851a1d" />
    <TestEntry testId="76ce6181-25c6-27a1-c7e9-136ce32ae24f" executionId="012e44cd-efc4-412f-968b-6debd60d00d3" testListId="8c84fa94-04c1-424b-9868-57a2d4851a1d" />
    <TestEntry testId="65afc429-638f-b2e5-360e-e1408a9378cc" executionId="a0eeed32-999c-4761-a186-325ce5a69d45" testListId="8c84fa94-04c1-424b-9868-57a2d4851a1d" />
    <TestEntry testId="4ff679fd-de83-6cd2-071d-2d414021919d" executionId="1c925321-7eb6-49fb-b363-27354e38fed8" testListId="8c84fa94-04c1-424b-9868-57a2d4851a1d" />
    <TestEntry testId="558e26a1-ac85-16b9-c7c3-7f4343ed0123" executionId="4666aa8e-c10c-4a5e-8602-8848abc8bcb9" testListId="8c84fa94-04c1-424b-9868-57a2d4851a1d" />
    <TestEntry testId="c1cb6564-ef03-3fbe-dfe4-31fb8d9ca256" executionId="25879a50-b073-4e43-a521-d68e0aa5d324" testListId="8c84fa94-04c1-424b-9868-57a2d4851a1d" />
  </TestEntries>
  <TestLists>
    <TestList name="Results Not in a List" id="8c84fa94-04c1-424b-9868-57a2d4851a1d" />
    <TestList name="All Loaded Results" id="19431567-8539-422a-85d7-44ee4e166bda" />
  </TestLists>
  <ResultSummary outcome="Completed">
    <Counters total="7" executed="7" passed="7" failed="0" error="0" timeout="0" aborted="0" inconclusive="0" passedButRunAborted="0" notRunnable="0" notExecuted="0" disconnected="0" warning="0" completed="0" inProgress="0" pending="0" />
  </ResultSummary>
</TestRun>