<?xml version="1.0" encoding="utf-8"?>
<TestRun id="9ea014db-d590-43a7-b8f8-458676cb9825" name="ndkhuynh@NDKHUYNH 2024-12-06 20:05:14" runUser="NDKHUYNH\ndkhuynh" xmlns="http://microsoft.com/schemas/VisualStudio/TeamTest/2010">
  <Times creation="2024-12-06T20:05:14.8953585-05:00" queuing="2024-12-06T20:05:14.8953585-05:00" start="2024-12-06T20:05:14.6465330-05:00" finish="2024-12-06T20:05:14.9173844-05:00" />
  <TestSettings name="default" id="bfd128e2-3cdb-4c85-b36a-8b0546b7421d">
    <Deployment runDeploymentRoot="ndkhuynh_NDKHUYNH_2024-12-06_20_05_14" />
  </TestSettings>
  <Results>
    <UnitTestResult executionId="e1dda235-b183-47b4-b5f4-dd2be981f9eb" testId="97461067-1634-adf1-ba68-f70b4697a37b" testName="Test_FullShipmentWorkflow" computerName="NDKHUYNH" duration="00:00:00.0000453" startTime="2024-12-06T20:05:14.8818339-05:00" endTime="2024-12-06T20:05:14.8818792-05:00" testType="13cdc9d9-ddb5-4fa4-a97d-d965ccfc6d4b" outcome="Passed" testListId="8c84fa94-04c1-424b-9868-57a2d4851a1d" relativeResultsDirectory="e1dda235-b183-47b4-b5f4-dd2be981f9eb" />
    <UnitTestResult executionId="c4a73b16-e0f1-41a8-bb09-8348be1a205e" testId="7a2ba396-0275-77e2-f460-9e1bc7f9323d" testName="Test_ShipmentAssignmentWithRoute" computerName="NDKHUYNH" duration="00:00:00.0001002" startTime="2024-12-06T20:05:14.8818339-05:00" endTime="2024-12-06T20:05:14.8819341-05:00" testType="13cdc9d9-ddb5-4fa4-a97d-d965ccfc6d4b" outcome="Passed" testListId="8c84fa94-04c1-424b-9868-57a2d4851a1d" relativeResultsDirectory="c4a73b16-e0f1-41a8-bb09-8348be1a205e" />
    <UnitTestResult executionId="a438390f-7ea6-463a-9a86-980f1ce0917e" testId="c36e4b2e-2942-3f63-3b3e-fc3401facd8d" testName="Test_PathCalculationForShipment" computerName="NDKHUYNH" duration="00:00:00.0000229" startTime="2024-12-06T20:05:14.8818339-05:00" endTime="2024-12-06T20:05:14.8818568-05:00" testType="13cdc9d9-ddb5-4fa4-a97d-d965ccfc6d4b" outcome="Passed" testListId="8c84fa94-04c1-424b-9868-57a2d4851a1d" relativeResultsDirectory="a438390f-7ea6-463a-9a86-980f1ce0917e" />
    <UnitTestResult executionId="978596ae-d4fb-4eee-a7e2-d81df0b7e25b" testId="d6520f12-0169-32f2-e108-760a88cc6b54" testName="Test_AddPackagesToTruckWithConstraints" computerName="NDKHUYNH" duration="00:00:00.0002757" startTime="2024-12-06T20:05:14.8753262-05:00" endTime="2024-12-06T20:05:14.8756019-05:00" testType="13cdc9d9-ddb5-4fa4-a97d-d965ccfc6d4b" outcome="Passed" testListId="8c84fa94-04c1-424b-9868-57a2d4851a1d" relativeResultsDirectory="978596ae-d4fb-4eee-a7e2-d81df0b7e25b" />
    <UnitTestResult executionId="02e26d9d-5b38-4255-83db-15942e87720e" testId="e33cf098-adf6-9ea7-0f98-a3350fbb8229" testName="Test_TruckCapacityAfterPackages" computerName="NDKHUYNH" duration="00:00:00.0000752" startTime="2024-12-06T20:05:14.8818339-05:00" endTime="2024-12-06T20:05:14.8819091-05:00" testType="13cdc9d9-ddb5-4fa4-a97d-d965ccfc6d4b" outcome="Passed" testListId="8c84fa94-04c1-424b-9868-57a2d4851a1d" relativeResultsDirectory="02e26d9d-5b38-4255-83db-15942e87720e" />
    <UnitTestResult executionId="4306e080-6fe5-4549-80c8-95306324910a" testId="54378fc4-38af-e46c-ef98-f3a54042b73e" testName="Test_AddingRoutesToMap" computerName="NDKHUYNH" duration="00:00:00.0000189" startTime="2024-12-06T20:05:14.8818339-05:00" endTime="2024-12-06T20:05:14.8818528-05:00" testType="13cdc9d9-ddb5-4fa4-a97d-d965ccfc6d4b" outcome="Passed" testListId="8c84fa94-04c1-424b-9868-57a2d4851a1d" relativeResultsDirectory="4306e080-6fe5-4549-80c8-95306324910a" />
  </Results>
  <TestDefinitions>
    <UnitTest name="Test_AddingRoutesToMap" storage="e:\seneca\sft221\root\fall2024---sft---nhh---1\source code\ms5\informationtesting1\information\x64\debug\integrationtesting.dll" id="54378fc4-38af-e46c-ef98-f3a54042b73e">
      <Execution id="4306e080-6fe5-4549-80c8-95306324910a" />
      <TestMethod codeBase="E:\Seneca\SFT221\Root\Fall2024---SFT---NHH---1\Source Code\MS5\InformationTesting1\information\x64\Debug\IntegrationTesting.dll" adapterTypeName="executor://cppunittestexecutor/v1" className="IntegrationTesting.IntegrationTesting" name="IntegrationTesting::IntegrationTesting::Test_AddingRoutesToMap" />
    </UnitTest>
    <UnitTest name="Test_PathCalculationForShipment" storage="e:\seneca\sft221\root\fall2024---sft---nhh---1\source code\ms5\informationtesting1\information\x64\debug\integrationtesting.dll" id="c36e4b2e-2942-3f63-3b3e-fc3401facd8d">
      <Execution id="a438390f-7ea6-463a-9a86-980f1ce0917e" />
      <TestMethod codeBase="E:\Seneca\SFT221\Root\Fall2024---SFT---NHH---1\Source Code\MS5\InformationTesting1\information\x64\Debug\IntegrationTesting.dll" adapterTypeName="executor://cppunittestexecutor/v1" className="IntegrationTesting.IntegrationTesting" name="IntegrationTesting::IntegrationTesting::Test_PathCalculationForShipment" />
    </UnitTest>
    <UnitTest name="Test_TruckCapacityAfterPackages" storage="e:\seneca\sft221\root\fall2024---sft---nhh---1\source code\ms5\informationtesting1\information\x64\debug\integrationtesting.dll" id="e33cf098-adf6-9ea7-0f98-a3350fbb8229">
      <Execution id="02e26d9d-5b38-4255-83db-15942e87720e" />
      <TestMethod codeBase="E:\Seneca\SFT221\Root\Fall2024---SFT---NHH---1\Source Code\MS5\InformationTesting1\information\x64\Debug\IntegrationTesting.dll" adapterTypeName="executor://cppunittestexecutor/v1" className="IntegrationTesting.IntegrationTesting" name="IntegrationTesting::IntegrationTesting::Test_TruckCapacityAfterPackages" />
    </UnitTest>
    <UnitTest name="Test_AddPackagesToTruckWithConstraints" storage="e:\seneca\sft221\root\fall2024---sft---nhh---1\source code\ms5\informationtesting1\information\x64\debug\integrationtesting.dll" id="d6520f12-0169-32f2-e108-760a88cc6b54">
      <Execution id="978596ae-d4fb-4eee-a7e2-d81df0b7e25b" />
      <TestMethod codeBase="E:\Seneca\SFT221\Root\Fall2024---SFT---NHH---1\Source Code\MS5\InformationTesting1\information\x64\Debug\IntegrationTesting.dll" adapterTypeName="executor://cppunittestexecutor/v1" className="IntegrationTesting.IntegrationTesting" name="IntegrationTesting::IntegrationTesting::Test_AddPackagesToTruckWithConstraints" />
    </UnitTest>
    <UnitTest name="Test_FullShipmentWorkflow" storage="e:\seneca\sft221\root\fall2024---sft---nhh---1\source code\ms5\informationtesting1\information\x64\debug\integrationtesting.dll" id="97461067-1634-adf1-ba68-f70b4697a37b">
      <Execution id="e1dda235-b183-47b4-b5f4-dd2be981f9eb" />
      <TestMethod codeBase="E:\Seneca\SFT221\Root\Fall2024---SFT---NHH---1\Source Code\MS5\InformationTesting1\information\x64\Debug\IntegrationTesting.dll" adapterTypeName="executor://cppunittestexecutor/v1" className="IntegrationTesting.IntegrationTesting" name="IntegrationTesting::IntegrationTesting::Test_FullShipmentWorkflow" />
    </UnitTest>
    <UnitTest name="Test_ShipmentAssignmentWithRoute" storage="e:\seneca\sft221\root\fall2024---sft---nhh---1\source code\ms5\informationtesting1\information\x64\debug\integrationtesting.dll" id="7a2ba396-0275-77e2-f460-9e1bc7f9323d">
      <Execution id="c4a73b16-e0f1-41a8-bb09-8348be1a205e" />
      <TestMethod codeBase="E:\Seneca\SFT221\Root\Fall2024---SFT---NHH---1\Source Code\MS5\InformationTesting1\information\x64\Debug\IntegrationTesting.dll" adapterTypeName="executor://cppunittestexecutor/v1" className="IntegrationTesting.IntegrationTesting" name="IntegrationTesting::IntegrationTesting::Test_ShipmentAssignmentWithRoute" />
    </UnitTest>
  </TestDefinitions>
  <TestEntries>
    <TestEntry testId="97461067-1634-adf1-ba68-f70b4697a37b" executionId="e1dda235-b183-47b4-b5f4-dd2be981f9eb" testListId="8c84fa94-04c1-424b-9868-57a2d4851a1d" />
    <TestEntry testId="7a2ba396-0275-77e2-f460-9e1bc7f9323d" executionId="c4a73b16-e0f1-41a8-bb09-8348be1a205e" testListId="8c84fa94-04c1-424b-9868-57a2d4851a1d" />
    <TestEntry testId="c36e4b2e-2942-3f63-3b3e-fc3401facd8d" executionId="a438390f-7ea6-463a-9a86-980f1ce0917e" testListId="8c84fa94-04c1-424b-9868-57a2d4851a1d" />
    <TestEntry testId="d6520f12-0169-32f2-e108-760a88cc6b54" executionId="978596ae-d4fb-4eee-a7e2-d81df0b7e25b" testListId="8c84fa94-04c1-424b-9868-57a2d4851a1d" />
    <TestEntry testId="e33cf098-adf6-9ea7-0f98-a3350fbb8229" executionId="02e26d9d-5b38-4255-83db-15942e87720e" testListId="8c84fa94-04c1-424b-9868-57a2d4851a1d" />
    <TestEntry testId="54378fc4-38af-e46c-ef98-f3a54042b73e" executionId="4306e080-6fe5-4549-80c8-95306324910a" testListId="8c84fa94-04c1-424b-9868-57a2d4851a1d" />
  </TestEntries>
  <TestLists>
    <TestList name="Results Not in a List" id="8c84fa94-04c1-424b-9868-57a2d4851a1d" />
    <TestList name="All Loaded Results" id="19431567-8539-422a-85d7-44ee4e166bda" />
  </TestLists>
  <ResultSummary outcome="Completed">
    <Counters total="6" executed="6" passed="6" failed="0" error="0" timeout="0" aborted="0" inconclusive="0" passedButRunAborted="0" notRunnable="0" notExecuted="0" disconnected="0" warning="0" completed="0" inProgress="0" pending="0" />
  </ResultSummary>
</TestRun>